<?xml version="1.0" encoding="UTF-8"?>
<coverage generated="1774743208944" clover="3.2.0">
  <project timestamp="1774743208944" name="All files">
    <metrics statements="3990" coveredstatements="3124" conditionals="2720" coveredconditionals="1934" methods="985" coveredmethods="629" elements="7695" coveredelements="5687" complexity="0" loc="3990" ncloc="3990" packages="17" files="71" classes="71"/>
    <package name="src">
      <metrics statements="248" coveredstatements="110" conditionals="71" coveredconditionals="17" methods="49" coveredmethods="17"/>
      <file name="App.vue" path="/workspace/src/App.vue">
        <metrics statements="216" coveredstatements="91" conditionals="44" coveredconditionals="3" methods="40" coveredmethods="11"/>
        <line num="93" count="12" type="stmt"/>
        <line num="94" count="12" type="stmt"/>
        <line num="97" count="12" type="stmt"/>
        <line num="100" count="12" type="stmt"/>
        <line num="101" count="12" type="stmt"/>
        <line num="102" count="12" type="stmt"/>
        <line num="103" count="12" type="stmt"/>
        <line num="104" count="12" type="stmt"/>
        <line num="105" count="12" type="stmt"/>
        <line num="106" count="12" type="stmt"/>
        <line num="107" count="12" type="stmt"/>
        <line num="108" count="12" type="stmt"/>
        <line num="109" count="12" type="stmt"/>
        <line num="110" count="12" type="stmt"/>
        <line num="111" count="12" type="stmt"/>
        <line num="112" count="12" type="stmt"/>
        <line num="113" count="12" type="stmt"/>
        <line num="114" count="12" type="stmt"/>
        <line num="115" count="12" type="stmt"/>
        <line num="116" count="12" type="stmt"/>
        <line num="117" count="12" type="stmt"/>
        <line num="118" count="12" type="stmt"/>
        <line num="119" count="12" type="stmt"/>
        <line num="120" count="12" type="stmt"/>
        <line num="121" count="12" type="stmt"/>
        <line num="124" count="12" type="stmt"/>
        <line num="125" count="26" type="cond" truecount="2" falsecount="0"/>
        <line num="131" count="12" type="stmt"/>
        <line num="135" count="12" type="stmt"/>
        <line num="136" count="12" type="stmt"/>
        <line num="137" count="12" type="stmt"/>
        <line num="138" count="24" type="stmt"/>
        <line num="139" count="12" type="stmt"/>
        <line num="141" count="12" type="stmt"/>
        <line num="142" count="12" type="stmt"/>
        <line num="143" count="12" type="stmt"/>
        <line num="144" count="12" type="stmt"/>
        <line num="145" count="12" type="stmt"/>
        <line num="151" count="12" type="stmt"/>
        <line num="152" count="12" type="stmt"/>
        <line num="155" count="12" type="stmt"/>
        <line num="156" count="0" type="stmt"/>
        <line num="157" count="0" type="cond" truecount="0" falsecount="2"/>
        <line num="158" count="0" type="stmt"/>
        <line num="160" count="0" type="stmt"/>
        <line num="162" count="0" type="stmt"/>
        <line num="163" count="0" type="stmt"/>
        <line num="164" count="0" type="stmt"/>
        <line num="165" count="0" type="cond" truecount="0" falsecount="2"/>
        <line num="166" count="0" type="stmt"/>
        <line num="169" count="0" type="stmt"/>
        <line num="170" count="0" type="stmt"/>
        <line num="174" count="12" type="stmt"/>
        <line num="175" count="0" type="cond" truecount="0" falsecount="2"/>
        <line num="176" count="0" type="stmt"/>
        <line num="177" count="0" type="stmt"/>
        <line num="178" count="0" type="stmt"/>
        <line num="179" count="0" type="stmt"/>
        <line num="186" count="0" type="stmt"/>
        <line num="188" count="0" type="stmt"/>
        <line num="189" count="0" type="cond" truecount="0" falsecount="4"/>
        <line num="190" count="0" type="stmt"/>
        <line num="192" count="0" type="stmt"/>
        <line num="195" count="0" type="stmt"/>
        <line num="199" count="12" type="stmt"/>
        <line num="200" count="4" type="cond" truecount="1" falsecount="1"/>
        <line num="201" count="4" type="stmt"/>
        <line num="202" count="4" type="stmt"/>
        <line num="203" count="4" type="stmt"/>
        <line num="204" count="2" type="stmt"/>
        <line num="205" count="2" type="stmt"/>
        <line num="207" count="2" type="stmt"/>
        <line num="208" count="2" type="stmt"/>
        <line num="210" count="4" type="stmt"/>
        <line num="214" count="12" type="stmt"/>
        <line num="215" count="0" type="stmt"/>
        <line num="218" count="12" type="stmt"/>
        <line num="219" count="0" type="stmt"/>
        <line num="220" count="0" type="stmt"/>
        <line num="223" count="12" type="stmt"/>
        <line num="224" count="0" type="stmt"/>
        <line num="225" count="0" type="stmt"/>
        <line num="226" count="0" type="stmt"/>
        <line num="229" count="12" type="stmt"/>
        <line num="230" count="0" type="stmt"/>
        <line num="231" count="0" type="stmt"/>
        <line num="232" count="0" type="stmt"/>
        <line num="235" count="12" type="stmt"/>
        <line num="236" count="0" type="stmt"/>
        <line num="237" count="0" type="stmt"/>
        <line num="238" count="0" type="stmt"/>
        <line num="239" count="0" type="stmt"/>
        <line num="240" count="0" type="stmt"/>
        <line num="242" count="0" type="stmt"/>
        <line num="243" count="0" type="stmt"/>
        <line num="247" count="12" type="stmt"/>
        <line num="248" count="0" type="stmt"/>
        <line num="249" count="0" type="stmt"/>
        <line num="250" count="0" type="stmt"/>
        <line num="253" count="12" type="stmt"/>
        <line num="254" count="0" type="cond" truecount="0" falsecount="2"/>
        <line num="255" count="0" type="stmt"/>
        <line num="256" count="0" type="cond" truecount="0" falsecount="2"/>
        <line num="257" count="0" type="stmt"/>
        <line num="258" count="0" type="cond" truecount="0" falsecount="2"/>
        <line num="259" count="0" type="stmt"/>
        <line num="263" count="12" type="stmt"/>
        <line num="264" count="0" type="cond" truecount="0" falsecount="2"/>
        <line num="265" count="0" type="cond" truecount="0" falsecount="2"/>
        <line num="266" count="0" type="stmt"/>
        <line num="267" count="0" type="stmt"/>
        <line num="269" count="0" type="stmt"/>
        <line num="270" count="0" type="stmt"/>
        <line num="271" count="0" type="stmt"/>
        <line num="272" count="0" type="stmt"/>
        <line num="273" count="0" type="stmt"/>
        <line num="275" count="0" type="stmt"/>
        <line num="276" count="0" type="stmt"/>
        <line num="278" count="0" type="stmt"/>
        <line num="282" count="12" type="stmt"/>
        <line num="283" count="0" type="stmt"/>
        <line num="284" count="0" type="stmt"/>
        <line num="285" count="0" type="stmt"/>
        <line num="290" count="0" type="stmt"/>
        <line num="294" count="12" type="stmt"/>
        <line num="295" count="0" type="cond" truecount="0" falsecount="2"/>
        <line num="296" count="0" type="cond" truecount="0" falsecount="2"/>
        <line num="297" count="0" type="stmt"/>
        <line num="298" count="0" type="stmt"/>
        <line num="300" count="0" type="stmt"/>
        <line num="301" count="0" type="stmt"/>
        <line num="302" count="0" type="stmt"/>
        <line num="303" count="0" type="stmt"/>
        <line num="304" count="0" type="stmt"/>
        <line num="306" count="0" type="stmt"/>
        <line num="307" count="0" type="stmt"/>
        <line num="309" count="0" type="stmt"/>
        <line num="313" count="12" type="stmt"/>
        <line num="314" count="0" type="cond" truecount="0" falsecount="2"/>
        <line num="315" count="0" type="cond" truecount="0" falsecount="2"/>
        <line num="316" count="0" type="stmt"/>
        <line num="317" count="0" type="stmt"/>
        <line num="319" count="0" type="stmt"/>
        <line num="320" count="0" type="stmt"/>
        <line num="321" count="0" type="stmt"/>
        <line num="322" count="0" type="stmt"/>
        <line num="323" count="0" type="stmt"/>
        <line num="325" count="0" type="stmt"/>
        <line num="326" count="0" type="stmt"/>
        <line num="328" count="0" type="stmt"/>
        <line num="332" count="12" type="stmt"/>
        <line num="333" count="0" type="cond" truecount="0" falsecount="2"/>
        <line num="334" count="0" type="cond" truecount="0" falsecount="2"/>
        <line num="335" count="0" type="stmt"/>
        <line num="336" count="0" type="stmt"/>
        <line num="338" count="0" type="stmt"/>
        <line num="339" count="0" type="stmt"/>
        <line num="340" count="0" type="stmt"/>
        <line num="341" count="0" type="stmt"/>
        <line num="342" count="0" type="stmt"/>
        <line num="344" count="0" type="stmt"/>
        <line num="345" count="0" type="stmt"/>
        <line num="347" count="0" type="stmt"/>
        <line num="351" count="12" type="stmt"/>
        <line num="352" count="0" type="cond" truecount="0" falsecount="2"/>
        <line num="353" count="0" type="cond" truecount="0" falsecount="2"/>
        <line num="354" count="0" type="stmt"/>
        <line num="355" count="0" type="stmt"/>
        <line num="357" count="0" type="stmt"/>
        <line num="358" count="0" type="stmt"/>
        <line num="359" count="0" type="stmt"/>
        <line num="360" count="0" type="cond" truecount="0" falsecount="2"/>
        <line num="361" count="0" type="stmt"/>
        <line num="363" count="0" type="stmt"/>
        <line num="365" count="0" type="stmt"/>
        <line num="367" count="0" type="stmt"/>
        <line num="368" count="0" type="stmt"/>
        <line num="370" count="0" type="stmt"/>
        <line num="374" count="12" type="stmt"/>
        <line num="375" count="0" type="cond" truecount="0" falsecount="2"/>
        <line num="376" count="0" type="stmt"/>
        <line num="380" count="12" type="stmt"/>
        <line num="381" count="0" type="stmt"/>
        <line num="384" count="12" type="stmt"/>
        <line num="385" count="0" type="stmt"/>
        <line num="388" count="12" type="stmt"/>
        <line num="389" count="0" type="stmt"/>
        <line num="392" count="12" type="stmt"/>
        <line num="393" count="0" type="stmt"/>
        <line num="396" count="12" type="stmt"/>
        <line num="397" count="0" type="stmt"/>
        <line num="400" count="12" type="stmt"/>
        <line num="401" count="0" type="stmt"/>
        <line num="404" count="12" type="stmt"/>
        <line num="405" count="0" type="stmt"/>
        <line num="406" count="0" type="stmt"/>
        <line num="410" count="12" type="stmt"/>
        <line num="411" count="2" type="stmt"/>
        <line num="412" count="2" type="stmt"/>
        <line num="413" count="2" type="stmt"/>
        <line num="414" count="2" type="stmt"/>
        <line num="415" count="2" type="stmt"/>
        <line num="417" count="2" type="stmt"/>
        <line num="418" count="2" type="stmt"/>
        <line num="419" count="2" type="stmt"/>
        <line num="421" count="2" type="stmt"/>
        <line num="422" count="2" type="stmt"/>
        <line num="424" count="2" type="stmt"/>
        <line num="425" count="2" type="stmt"/>
        <line num="428" count="0" type="stmt"/>
        <line num="430" count="2" type="stmt"/>
        <line num="431" count="2" type="stmt"/>
        <line num="436" count="12" type="stmt"/>
        <line num="437" count="12" type="stmt"/>
        <line num="440" count="12" type="stmt"/>
        <line num="441" count="0" type="stmt"/>
      </file>
      <file name="i18n.ts" path="/workspace/src/i18n.ts">
        <metrics statements="20" coveredstatements="9" conditionals="19" coveredconditionals="9" methods="4" coveredmethods="2"/>
        <line num="13" count="6" type="stmt"/>
        <line num="14" count="6" type="cond" truecount="2" falsecount="3"/>
        <line num="15" count="0" type="stmt"/>
        <line num="19" count="6" type="cond" truecount="1" falsecount="1"/>
        <line num="20" count="6" type="cond" truecount="3" falsecount="1"/>
        <line num="21" count="0" type="stmt"/>
        <line num="23" count="6" type="stmt"/>
        <line num="28" count="12" type="stmt"/>
        <line num="29" count="12" type="stmt"/>
        <line num="30" count="12" type="cond" truecount="3" falsecount="1"/>
        <line num="32" count="0" type="stmt"/>
        <line num="35" count="0" type="stmt"/>
        <line num="37" count="0" type="stmt"/>
        <line num="38" count="0" type="stmt"/>
        <line num="42" count="6" type="stmt"/>
        <line num="56" count="0" type="cond" truecount="0" falsecount="4"/>
        <line num="57" count="0" type="stmt"/>
        <line num="58" count="0" type="stmt"/>
        <line num="59" count="0" type="stmt"/>
        <line num="65" count="0" type="stmt"/>
      </file>
      <file name="theme.ts" path="/workspace/src/theme.ts">
        <metrics statements="12" coveredstatements="10" conditionals="8" coveredconditionals="5" methods="5" coveredmethods="4"/>
        <line num="6" count="7" type="stmt"/>
        <line num="12" count="99" type="stmt"/>
        <line num="13" count="99" type="cond" truecount="4" falsecount="0"/>
        <line num="14" count="10" type="stmt"/>
        <line num="16" count="89" type="stmt"/>
        <line num="23" count="12" type="stmt"/>
        <line num="24" count="12" type="stmt"/>
        <line num="25" count="12" type="stmt"/>
        <line num="32" count="89" type="cond" truecount="1" falsecount="1"/>
        <line num="39" count="12" type="stmt"/>
        <line num="46" count="0" type="stmt"/>
        <line num="47" count="0" type="cond" truecount="0" falsecount="2"/>
      </file>
    </package>
    <package name="src.app">
      <metrics statements="173" coveredstatements="127" conditionals="119" coveredconditionals="22" methods="90" coveredmethods="33"/>
      <file name="AppModals.vue" path="/workspace/src/app/AppModals.vue">
        <metrics statements="59" coveredstatements="38" conditionals="77" coveredconditionals="5" methods="62" coveredmethods="24"/>
        <line num="5" count="12" type="cond" truecount="0" falsecount="3"/>
        <line num="8" count="12" type="cond" truecount="0" falsecount="3"/>
        <line num="11" count="12" type="cond" truecount="0" falsecount="3"/>
        <line num="14" count="12" type="cond" truecount="0" falsecount="3"/>
        <line num="17" count="12" type="cond" truecount="0" falsecount="3"/>
        <line num="20" count="12" type="cond" truecount="0" falsecount="3"/>
        <line num="23" count="12" type="cond" truecount="0" falsecount="3"/>
        <line num="26" count="12" type="cond" truecount="0" falsecount="3"/>
        <line num="29" count="12" type="cond" truecount="0" falsecount="3"/>
        <line num="32" count="12" type="cond" truecount="0" falsecount="3"/>
        <line num="35" count="12" type="cond" truecount="0" falsecount="3"/>
        <line num="38" count="12" type="cond" truecount="0" falsecount="3"/>
        <line num="41" count="12" type="cond" truecount="0" falsecount="3"/>
        <line num="44" count="12" type="cond" truecount="0" falsecount="3"/>
        <line num="47" count="12" type="cond" truecount="0" falsecount="3"/>
        <line num="50" count="12" type="cond" truecount="0" falsecount="3"/>
        <line num="53" count="12" type="cond" truecount="0" falsecount="3"/>
        <line num="56" count="12" type="cond" truecount="0" falsecount="3"/>
        <line num="61" count="0" type="cond" truecount="0" falsecount="2"/>
        <line num="63" count="12" type="stmt"/>
        <line num="66" count="12" type="cond" truecount="0" falsecount="3"/>
        <line num="69" count="12" type="cond" truecount="0" falsecount="3"/>
        <line num="72" count="0" type="cond" truecount="5" falsecount="0"/>
        <line num="76" count="0" type="cond" truecount="0" falsecount="2"/>
        <line num="79" count="12" type="stmt"/>
        <line num="85" count="0" type="cond" truecount="0" falsecount="2"/>
        <line num="87" count="12" type="stmt"/>
        <line num="90" count="12" type="cond" truecount="0" falsecount="3"/>
        <line num="157" count="12" type="stmt"/>
        <line num="172" count="12" type="stmt"/>
        <line num="174" count="12" type="stmt"/>
        <line num="175" count="0" type="stmt"/>
        <line num="178" count="12" type="stmt"/>
        <line num="179" count="0" type="stmt"/>
        <line num="180" count="0" type="stmt"/>
        <line num="181" count="0" type="stmt"/>
        <line num="183" count="0" type="stmt"/>
        <line num="185" count="0" type="stmt"/>
        <line num="186" count="0" type="stmt"/>
        <line num="190" count="12" type="stmt"/>
        <line num="191" count="0" type="stmt"/>
        <line num="194" count="12" type="stmt"/>
        <line num="195" count="0" type="stmt"/>
        <line num="198" count="12" type="stmt"/>
        <line num="199" count="0" type="stmt"/>
        <line num="202" count="12" type="stmt"/>
        <line num="203" count="0" type="stmt"/>
        <line num="206" count="12" type="stmt"/>
        <line num="207" count="0" type="stmt"/>
        <line num="210" count="12" type="stmt"/>
        <line num="211" count="0" type="stmt"/>
        <line num="214" count="12" type="stmt"/>
        <line num="215" count="0" type="stmt"/>
        <line num="218" count="12" type="stmt"/>
        <line num="219" count="0" type="stmt"/>
        <line num="222" count="12" type="stmt"/>
        <line num="223" count="0" type="stmt"/>
        <line num="226" count="12" type="stmt"/>
        <line num="227" count="0" type="stmt"/>
      </file>
      <file name="AppShell.vue" path="/workspace/src/app/AppShell.vue">
        <metrics statements="16" coveredstatements="15" conditionals="2" coveredconditionals="2" methods="12" coveredmethods="2"/>
        <line num="2" count="53" type="stmt"/>
        <line num="3" count="2" type="stmt"/>
        <line num="14" count="2" type="stmt"/>
        <line num="22" count="0" type="cond" truecount="2" falsecount="0"/>
        <line num="54" count="53" type="stmt"/>
        <line num="91" count="12" type="stmt"/>
        <line num="104" count="12" type="stmt"/>
        <line num="105" count="12" type="stmt"/>
        <line num="106" count="12" type="stmt"/>
        <line num="107" count="12" type="stmt"/>
        <line num="108" count="12" type="stmt"/>
        <line num="109" count="12" type="stmt"/>
        <line num="110" count="12" type="stmt"/>
        <line num="111" count="12" type="stmt"/>
        <line num="112" count="12" type="stmt"/>
        <line num="113" count="12" type="stmt"/>
      </file>
      <file name="useAppBootstrap.ts" path="/workspace/src/app/useAppBootstrap.ts">
        <metrics statements="98" coveredstatements="74" conditionals="40" coveredconditionals="15" methods="16" coveredmethods="7"/>
        <line num="89" count="12" type="stmt"/>
        <line num="92" count="12" type="stmt"/>
        <line num="93" count="12" type="stmt"/>
        <line num="94" count="12" type="stmt"/>
        <line num="95" count="12" type="stmt"/>
        <line num="96" count="12" type="stmt"/>
        <line num="97" count="12" type="stmt"/>
        <line num="98" count="12" type="stmt"/>
        <line num="99" count="12" type="stmt"/>
        <line num="102" count="12" type="stmt"/>
        <line num="103" count="12" type="stmt"/>
        <line num="104" count="12" type="stmt"/>
        <line num="105" count="12" type="stmt"/>
        <line num="106" count="12" type="stmt"/>
        <line num="107" count="12" type="stmt"/>
        <line num="108" count="12" type="stmt"/>
        <line num="111" count="12" type="stmt"/>
        <line num="112" count="13" type="stmt"/>
        <line num="121" count="12" type="stmt"/>
        <line num="122" count="12" type="stmt"/>
        <line num="123" count="12" type="stmt"/>
        <line num="124" count="12" type="stmt"/>
        <line num="125" count="12" type="stmt"/>
        <line num="126" count="12" type="stmt"/>
        <line num="127" count="12" type="stmt"/>
        <line num="129" count="12" type="stmt"/>
        <line num="130" count="12" type="stmt"/>
        <line num="131" count="12" type="stmt"/>
        <line num="133" count="12" type="stmt"/>
        <line num="134" count="12" type="stmt"/>
        <line num="136" count="4" type="stmt"/>
        <line num="137" count="4" type="stmt"/>
        <line num="140" count="0" type="stmt"/>
        <line num="142" count="12" type="stmt"/>
        <line num="147" count="12" type="stmt"/>
        <line num="148" count="12" type="stmt"/>
        <line num="149" count="12" type="stmt"/>
        <line num="150" count="12" type="cond" truecount="2" falsecount="0"/>
        <line num="151" count="12" type="stmt"/>
        <line num="152" count="12" type="stmt"/>
        <line num="160" count="0" type="stmt"/>
        <line num="165" count="12" type="stmt"/>
        <line num="166" count="12" type="stmt"/>
        <line num="167" count="12" type="stmt"/>
        <line num="168" count="12" type="cond" truecount="2" falsecount="2"/>
        <line num="169" count="12" type="stmt"/>
        <line num="170" count="12" type="stmt"/>
        <line num="178" count="12" type="stmt"/>
        <line num="179" count="0" type="stmt"/>
        <line num="183" count="12" type="stmt"/>
        <line num="184" count="0" type="stmt"/>
        <line num="188" count="12" type="stmt"/>
        <line num="190" count="12" type="stmt"/>
        <line num="191" count="12" type="stmt"/>
        <line num="194" count="12" type="stmt"/>
        <line num="195" count="12" type="stmt"/>
        <line num="198" count="12" type="stmt"/>
        <line num="201" count="12" type="stmt"/>
        <line num="202" count="12" type="stmt"/>
        <line num="208" count="12" type="stmt"/>
        <line num="209" count="12" type="stmt"/>
        <line num="210" count="12" type="cond" truecount="2" falsecount="0"/>
        <line num="216" count="12" type="stmt"/>
        <line num="217" count="0" type="stmt"/>
        <line num="221" count="12" type="stmt"/>
        <line num="222" count="0" type="cond" truecount="0" falsecount="2"/>
        <line num="226" count="12" type="stmt"/>
        <line num="227" count="0" type="stmt"/>
        <line num="228" count="0" type="stmt"/>
        <line num="229" count="0" type="stmt"/>
        <line num="230" count="0" type="cond" truecount="0" falsecount="2"/>
        <line num="237" count="12" type="stmt"/>
        <line num="238" count="0" type="stmt"/>
        <line num="241" count="12" type="stmt"/>
        <line num="242" count="0" type="stmt"/>
        <line num="246" count="12" type="cond" truecount="1" falsecount="1"/>
        <line num="247" count="12" type="stmt"/>
        <line num="248" count="12" type="stmt"/>
        <line num="249" count="0" type="cond" truecount="0" falsecount="2"/>
        <line num="250" count="0" type="stmt"/>
        <line num="254" count="4" type="stmt"/>
        <line num="259" count="12" type="stmt"/>
        <line num="260" count="12" type="stmt"/>
        <line num="261" count="12" type="stmt"/>
        <line num="262" count="12" type="stmt"/>
        <line num="263" count="12" type="stmt"/>
        <line num="267" count="12" type="stmt"/>
        <line num="269" count="0" type="cond" truecount="0" falsecount="2"/>
        <line num="270" count="0" type="cond" truecount="0" falsecount="2"/>
        <line num="271" count="0" type="cond" truecount="0" falsecount="2"/>
        <line num="274" count="0" type="cond" truecount="0" falsecount="2"/>
        <line num="275" count="0" type="cond" truecount="0" falsecount="2"/>
        <line num="276" count="0" type="cond" truecount="0" falsecount="2"/>
        <line num="277" count="0" type="cond" truecount="0" falsecount="2"/>
        <line num="280" count="0" type="cond" truecount="0" falsecount="2"/>
        <line num="281" count="0" type="stmt"/>
        <line num="282" count="0" type="stmt"/>
        <line num="289" count="12" type="stmt"/>
      </file>
    </package>
    <package name="src.components">
      <metrics statements="2330" coveredstatements="1996" conditionals="1625" coveredconditionals="1310" methods="511" coveredmethods="391"/>
      <file name="BackupModal.vue" path="/workspace/src/components/BackupModal.vue">
        <metrics statements="100" coveredstatements="78" conditionals="62" coveredconditionals="54" methods="21" coveredmethods="13"/>
        <line num="2" count="63" type="cond" truecount="2" falsecount="0"/>
        <line num="3" count="3" type="stmt"/>
        <line num="5" count="3" type="stmt"/>
        <line num="6" count="3" type="stmt"/>
        <line num="7" count="1" type="cond" truecount="2" falsecount="0"/>
        <line num="11" count="3" type="stmt"/>
        <line num="13" count="0" type="cond" truecount="2" falsecount="0"/>
        <line num="24" count="4" type="cond" truecount="2" falsecount="0"/>
        <line num="35" count="6" type="cond" truecount="2" falsecount="0"/>
        <line num="48" count="3" type="stmt"/>
        <line num="51" count="3" type="stmt"/>
        <line num="52" count="3" type="stmt"/>
        <line num="53" count="3" type="stmt"/>
        <line num="61" count="3" type="stmt"/>
        <line num="62" count="3" type="stmt"/>
        <line num="64" count="0" type="cond" truecount="2" falsecount="0"/>
        <line num="88" count="3" type="stmt"/>
        <line num="89" count="3" type="stmt"/>
        <line num="100" count="3" type="stmt"/>
        <line num="101" count="3" type="stmt"/>
        <line num="102" count="3" type="stmt"/>
        <line num="118" count="3" type="stmt"/>
        <line num="119" count="3" type="stmt"/>
        <line num="130" count="1" type="cond" truecount="2" falsecount="0"/>
        <line num="138" count="3" type="stmt"/>
        <line num="139" count="3" type="stmt"/>
        <line num="142" count="3" type="stmt"/>
        <line num="151" count="0" type="cond" truecount="2" falsecount="0"/>
        <line num="161" count="3" type="stmt"/>
        <line num="162" count="3" type="stmt"/>
        <line num="181" count="4" type="stmt"/>
        <line num="186" count="3" type="stmt"/>
        <line num="187" count="3" type="stmt"/>
        <line num="190" count="3" type="stmt"/>
        <line num="194" count="3" type="stmt"/>
        <line num="196" count="0" type="stmt"/>
        <line num="202" count="0" type="stmt"/>
        <line num="251" count="38" type="stmt"/>
        <line num="252" count="38" type="stmt"/>
        <line num="254" count="38" type="stmt"/>
        <line num="255" count="38" type="stmt"/>
        <line num="256" count="38" type="stmt"/>
        <line num="257" count="38" type="stmt"/>
        <line num="259" count="38" type="stmt"/>
        <line num="260" count="38" type="stmt"/>
        <line num="261" count="38" type="stmt"/>
        <line num="262" count="38" type="stmt"/>
        <line num="264" count="38" type="stmt"/>
        <line num="265" count="38" type="stmt"/>
        <line num="268" count="38" type="stmt"/>
        <line num="269" count="38" type="stmt"/>
        <line num="273" count="40" type="stmt"/>
        <line num="274" count="40" type="stmt"/>
        <line num="275" count="40" type="stmt"/>
        <line num="277" count="2" type="stmt"/>
        <line num="279" count="40" type="stmt"/>
        <line num="284" count="1" type="stmt"/>
        <line num="285" count="1" type="stmt"/>
        <line num="290" count="1" type="cond" truecount="1" falsecount="1"/>
        <line num="291" count="1" type="stmt"/>
        <line num="294" count="0" type="stmt"/>
        <line num="299" count="2" type="stmt"/>
        <line num="300" count="2" type="stmt"/>
        <line num="301" count="2" type="stmt"/>
        <line num="302" count="2" type="cond" truecount="2" falsecount="0"/>
        <line num="303" count="2" type="stmt"/>
        <line num="304" count="1" type="stmt"/>
        <line num="306" count="1" type="stmt"/>
        <line num="307" count="1" type="stmt"/>
        <line num="309" count="2" type="stmt"/>
        <line num="314" count="0" type="stmt"/>
        <line num="315" count="0" type="stmt"/>
        <line num="320" count="0" type="cond" truecount="0" falsecount="2"/>
        <line num="321" count="0" type="stmt"/>
        <line num="324" count="0" type="stmt"/>
        <line num="329" count="1" type="cond" truecount="1" falsecount="1"/>
        <line num="331" count="1" type="stmt"/>
        <line num="332" count="1" type="stmt"/>
        <line num="333" count="1" type="stmt"/>
        <line num="334" count="0" type="stmt"/>
        <line num="335" count="0" type="stmt"/>
        <line num="337" count="1" type="stmt"/>
        <line num="338" count="1" type="stmt"/>
        <line num="340" count="1" type="stmt"/>
        <line num="345" count="0" type="stmt"/>
        <line num="346" count="0" type="stmt"/>
        <line num="350" count="0" type="cond" truecount="0" falsecount="2"/>
        <line num="352" count="0" type="stmt"/>
        <line num="353" count="0" type="stmt"/>
        <line num="354" count="0" type="stmt"/>
        <line num="356" count="0" type="stmt"/>
        <line num="357" count="0" type="stmt"/>
        <line num="362" count="20" type="cond" truecount="2" falsecount="0"/>
        <line num="363" count="18" type="cond" truecount="2" falsecount="0"/>
        <line num="364" count="4" type="cond" truecount="2" falsecount="0"/>
        <line num="365" count="2" type="stmt"/>
        <line num="369" count="10" type="stmt"/>
        <line num="370" count="10" type="stmt"/>
        <line num="371" count="10" type="stmt"/>
        <line num="373" count="0" type="stmt"/>
      </file>
      <file name="CustomReportModal.vue" path="/workspace/src/components/CustomReportModal.vue">
        <metrics statements="90" coveredstatements="83" conditionals="70" coveredconditionals="64" methods="16" coveredmethods="12"/>
        <line num="2" count="26" type="cond" truecount="2" falsecount="0"/>
        <line num="3" count="3" type="stmt"/>
        <line num="5" count="3" type="stmt"/>
        <line num="6" count="3" type="stmt"/>
        <line num="7" count="1" type="cond" truecount="2" falsecount="0"/>
        <line num="11" count="3" type="stmt"/>
        <line num="13" count="3" type="stmt"/>
        <line num="14" count="3" type="stmt"/>
        <line num="15" count="3" type="stmt"/>
        <line num="17" count="1" type="cond" truecount="2" falsecount="0"/>
        <line num="21" count="3" type="stmt"/>
        <line num="22" count="3" type="stmt"/>
        <line num="25" count="1" type="cond" truecount="2" falsecount="0"/>
        <line num="29" count="3" type="stmt"/>
        <line num="30" count="3" type="stmt"/>
        <line num="33" count="0" type="cond" truecount="2" falsecount="0"/>
        <line num="37" count="3" type="stmt"/>
        <line num="38" count="3" type="stmt"/>
        <line num="44" count="3" type="stmt"/>
        <line num="45" count="3" type="stmt"/>
        <line num="46" count="3" type="stmt"/>
        <line num="49" count="4" type="cond" truecount="2" falsecount="0"/>
        <line num="50" count="4" type="cond" truecount="2" falsecount="0"/>
        <line num="53" count="3" type="stmt"/>
        <line num="56" count="4" type="cond" truecount="2" falsecount="0"/>
        <line num="57" count="4" type="cond" truecount="2" falsecount="0"/>
        <line num="66" count="3" type="stmt"/>
        <line num="67" count="3" type="stmt"/>
        <line num="69" count="0" type="cond" truecount="2" falsecount="0"/>
        <line num="77" count="3" type="stmt"/>
        <line num="80" count="3" type="stmt"/>
        <line num="85" count="3" type="stmt"/>
        <line num="90" count="3" type="stmt"/>
        <line num="92" count="0" type="cond" truecount="2" falsecount="0"/>
        <line num="115" count="12" type="stmt"/>
        <line num="116" count="12" type="stmt"/>
        <line num="118" count="12" type="stmt"/>
        <line num="119" count="12" type="stmt"/>
        <line num="120" count="12" type="stmt"/>
        <line num="121" count="12" type="stmt"/>
        <line num="122" count="12" type="stmt"/>
        <line num="123" count="12" type="stmt"/>
        <line num="124" count="12" type="stmt"/>
        <line num="126" count="12" type="stmt"/>
        <line num="127" count="22" type="cond" truecount="4" falsecount="0"/>
        <line num="128" count="6" type="stmt"/>
        <line num="129" count="6" type="stmt"/>
        <line num="130" count="6" type="cond" truecount="3" falsecount="1"/>
        <line num="131" count="6" type="stmt"/>
        <line num="132" count="6" type="cond" truecount="2" falsecount="0"/>
        <line num="135" count="12" type="stmt"/>
        <line num="136" count="22" type="cond" truecount="4" falsecount="0"/>
        <line num="137" count="6" type="cond" truecount="2" falsecount="0"/>
        <line num="138" count="1" type="stmt"/>
        <line num="140" count="5" type="stmt"/>
        <line num="143" count="12" type="stmt"/>
        <line num="144" count="2" type="stmt"/>
        <line num="145" count="2" type="stmt"/>
        <line num="146" count="2" type="stmt"/>
        <line num="148" count="2" type="stmt"/>
        <line num="149" count="4" type="stmt"/>
        <line num="151" count="2" type="cond" truecount="2" falsecount="0"/>
        <line num="152" count="1" type="stmt"/>
        <line num="153" count="1" type="stmt"/>
        <line num="154" count="1" type="stmt"/>
        <line num="155" count="1" type="stmt"/>
        <line num="156" count="1" type="stmt"/>
        <line num="157" count="1" type="cond" truecount="1" falsecount="1"/>
        <line num="158" count="1" type="stmt"/>
        <line num="159" count="1" type="stmt"/>
        <line num="160" count="1" type="stmt"/>
        <line num="161" count="1" type="stmt"/>
        <line num="162" count="1" type="stmt"/>
        <line num="163" count="1" type="stmt"/>
        <line num="164" count="1" type="stmt"/>
        <line num="166" count="0" type="stmt"/>
        <line num="170" count="12" type="stmt"/>
        <line num="171" count="2" type="cond" truecount="3" falsecount="1"/>
        <line num="172" count="2" type="stmt"/>
        <line num="173" count="2" type="stmt"/>
        <line num="174" count="2" type="stmt"/>
        <line num="176" count="2" type="stmt"/>
        <line num="177" count="2" type="stmt"/>
        <line num="182" count="2" type="stmt"/>
        <line num="183" count="2" type="stmt"/>
        <line num="184" count="2" type="stmt"/>
        <line num="186" count="0" type="stmt"/>
        <line num="187" count="0" type="cond" truecount="0" falsecount="2"/>
        <line num="188" count="0" type="stmt"/>
        <line num="190" count="2" type="stmt"/>
      </file>
      <file name="DailySummaryViewer.vue" path="/workspace/src/components/DailySummaryViewer.vue">
        <metrics statements="34" coveredstatements="34" conditionals="10" coveredconditionals="10" methods="5" coveredmethods="5"/>
        <line num="2" count="51" type="cond" truecount="2" falsecount="0"/>
        <line num="3" count="4" type="stmt"/>
        <line num="4" count="4" type="stmt"/>
        <line num="5" count="4" type="stmt"/>
        <line num="6" count="4" type="stmt"/>
        <line num="13" count="2" type="cond" truecount="2" falsecount="0"/>
        <line num="17" count="4" type="stmt"/>
        <line num="25" count="4" type="stmt"/>
        <line num="28" count="4" type="stmt"/>
        <line num="43" count="26" type="stmt"/>
        <line num="45" count="26" type="stmt"/>
        <line num="49" count="26" type="stmt"/>
        <line num="51" count="26" type="stmt"/>
        <line num="52" count="26" type="stmt"/>
        <line num="53" count="26" type="stmt"/>
        <line num="55" count="26" type="stmt"/>
        <line num="56" count="26" type="cond" truecount="2" falsecount="0"/>
        <line num="57" count="2" type="stmt"/>
        <line num="58" count="2" type="stmt"/>
        <line num="59" count="2" type="stmt"/>
        <line num="62" count="24" type="stmt"/>
        <line num="63" count="24" type="stmt"/>
        <line num="65" count="2" type="stmt"/>
        <line num="66" count="2" type="stmt"/>
        <line num="68" count="23" type="stmt"/>
        <line num="72" count="26" type="stmt"/>
        <line num="73" count="5" type="stmt"/>
        <line num="75" count="5" type="stmt"/>
        <line num="76" count="5" type="stmt"/>
        <line num="77" count="5" type="stmt"/>
        <line num="78" count="5" type="stmt"/>
        <line num="80" count="1" type="stmt"/>
        <line num="84" count="26" type="stmt"/>
        <line num="85" count="26" type="stmt"/>
      </file>
      <file name="EmptyState.vue" path="/workspace/src/components/EmptyState.vue">
        <metrics statements="3" coveredstatements="3" conditionals="16" coveredconditionals="16" methods="0" coveredmethods="0"/>
        <line num="2" count="102" type="stmt"/>
        <line num="4" count="8" type="stmt"/>
        <line num="41" count="8" type="cond" truecount="2" falsecount="0"/>
      </file>
      <file name="ErrorBoundary.vue" path="/workspace/src/components/ErrorBoundary.vue">
        <metrics statements="17" coveredstatements="17" conditionals="9" coveredconditionals="6" methods="3" coveredmethods="3"/>
        <line num="2" count="69" type="stmt"/>
        <line num="22" count="21" type="stmt"/>
        <line num="31" count="21" type="stmt"/>
        <line num="32" count="21" type="stmt"/>
        <line num="35" count="21" type="stmt"/>
        <line num="36" count="6" type="stmt"/>
        <line num="38" count="6" type="stmt"/>
        <line num="39" count="6" type="stmt"/>
        <line num="42" count="6" type="stmt"/>
        <line num="45" count="6" type="stmt"/>
        <line num="50" count="6" type="stmt"/>
        <line num="51" count="6" type="stmt"/>
        <line num="52" count="6" type="stmt"/>
        <line num="57" count="1" type="stmt"/>
        <line num="63" count="1" type="stmt"/>
        <line num="64" count="1" type="stmt"/>
        <line num="67" count="21" type="stmt"/>
      </file>
      <file name="ErrorToast.vue" path="/workspace/src/components/ErrorToast.vue">
        <metrics statements="35" coveredstatements="35" conditionals="23" coveredconditionals="21" methods="9" coveredmethods="9"/>
        <line num="2" count="23" type="stmt"/>
        <line num="12" count="4" type="stmt"/>
        <line num="13" count="4" type="stmt"/>
        <line num="14" count="4" type="stmt"/>
        <line num="26" count="25" type="stmt"/>
        <line num="36" count="23" type="stmt"/>
        <line num="48" count="23" type="stmt"/>
        <line num="53" count="23" type="stmt"/>
        <line num="54" count="23" type="stmt"/>
        <line num="56" count="23" type="stmt"/>
        <line num="57" count="23" type="cond" truecount="5" falsecount="0"/>
        <line num="59" count="17" type="stmt"/>
        <line num="61" count="2" type="stmt"/>
        <line num="63" count="2" type="stmt"/>
        <line num="66" count="2" type="stmt"/>
        <line num="70" count="23" type="stmt"/>
        <line num="71" count="23" type="cond" truecount="5" falsecount="0"/>
        <line num="73" count="17" type="stmt"/>
        <line num="75" count="2" type="stmt"/>
        <line num="77" count="2" type="stmt"/>
        <line num="80" count="2" type="stmt"/>
        <line num="84" count="23" type="stmt"/>
        <line num="85" count="23" type="stmt"/>
        <line num="89" count="2" type="stmt"/>
        <line num="90" count="2" type="stmt"/>
        <line num="94" count="23" type="cond" truecount="2" falsecount="0"/>
        <line num="95" count="16" type="stmt"/>
        <line num="96" count="1" type="stmt"/>
        <line num="102" count="2" type="cond" truecount="1" falsecount="1"/>
        <line num="103" count="2" type="stmt"/>
        <line num="104" count="2" type="stmt"/>
        <line num="109" count="23" type="stmt"/>
        <line num="110" count="25" type="cond" truecount="2" falsecount="0"/>
        <line num="111" count="23" type="stmt"/>
        <line num="113" count="2" type="stmt"/>
      </file>
      <file name="ExportModal.vue" path="/workspace/src/components/ExportModal.vue">
        <metrics statements="83" coveredstatements="66" conditionals="64" coveredconditionals="45" methods="18" coveredmethods="10"/>
        <line num="2" count="53" type="cond" truecount="2" falsecount="0"/>
        <line num="3" count="4" type="stmt"/>
        <line num="5" count="4" type="stmt"/>
        <line num="6" count="4" type="stmt"/>
        <line num="7" count="0" type="cond" truecount="2" falsecount="0"/>
        <line num="11" count="4" type="stmt"/>
        <line num="13" count="4" type="stmt"/>
        <line num="14" count="4" type="stmt"/>
        <line num="15" count="4" type="stmt"/>
        <line num="18" count="5" type="cond" truecount="2" falsecount="0"/>
        <line num="21" count="4" type="stmt"/>
        <line num="24" count="5" type="cond" truecount="2" falsecount="0"/>
        <line num="32" count="4" type="stmt"/>
        <line num="33" count="4" type="stmt"/>
        <line num="34" count="4" type="stmt"/>
        <line num="36" count="0" type="cond" truecount="2" falsecount="0"/>
        <line num="40" count="4" type="stmt"/>
        <line num="41" count="4" type="stmt"/>
        <line num="44" count="2" type="cond" truecount="2" falsecount="0"/>
        <line num="48" count="4" type="stmt"/>
        <line num="49" count="4" type="stmt"/>
        <line num="56" count="4" type="stmt"/>
        <line num="60" count="0" type="cond" truecount="2" falsecount="0"/>
        <line num="61" count="0" type="cond" truecount="2" falsecount="2"/>
        <line num="71" count="0" type="cond" truecount="0" falsecount="2"/>
        <line num="87" count="4" type="stmt"/>
        <line num="90" count="4" type="stmt"/>
        <line num="93" count="4" type="stmt"/>
        <line num="105" count="4" type="stmt"/>
        <line num="110" count="4" type="stmt"/>
        <line num="112" count="2" type="cond" truecount="2" falsecount="0"/>
        <line num="141" count="24" type="stmt"/>
        <line num="142" count="24" type="stmt"/>
        <line num="145" count="24" type="stmt"/>
        <line num="146" count="24" type="stmt"/>
        <line num="147" count="24" type="stmt"/>
        <line num="149" count="24" type="stmt"/>
        <line num="150" count="24" type="stmt"/>
        <line num="151" count="24" type="stmt"/>
        <line num="152" count="24" type="stmt"/>
        <line num="153" count="24" type="stmt"/>
        <line num="154" count="24" type="stmt"/>
        <line num="157" count="24" type="stmt"/>
        <line num="158" count="24" type="stmt"/>
        <line num="159" count="24" type="stmt"/>
        <line num="160" count="24" type="stmt"/>
        <line num="164" count="0" type="cond" truecount="0" falsecount="4"/>
        <line num="165" count="0" type="stmt"/>
        <line num="166" count="0" type="stmt"/>
        <line num="167" count="0" type="stmt"/>
        <line num="170" count="0" type="stmt"/>
        <line num="171" count="0" type="stmt"/>
        <line num="173" count="0" type="stmt"/>
        <line num="177" count="24" type="stmt"/>
        <line num="178" count="34" type="cond" truecount="3" falsecount="1"/>
        <line num="179" count="34" type="cond" truecount="2" falsecount="0"/>
        <line num="180" count="30" type="stmt"/>
        <line num="183" count="24" type="stmt"/>
        <line num="184" count="0" type="stmt"/>
        <line num="188" count="48" type="stmt"/>
        <line num="189" count="48" type="stmt"/>
        <line num="190" count="48" type="stmt"/>
        <line num="191" count="48" type="stmt"/>
        <line num="195" count="6" type="cond" truecount="2" falsecount="0"/>
        <line num="196" count="4" type="cond" truecount="1" falsecount="1"/>
        <line num="197" count="0" type="stmt"/>
        <line num="201" count="0" type="stmt"/>
        <line num="205" count="9" type="cond" truecount="1" falsecount="1"/>
        <line num="207" count="9" type="stmt"/>
        <line num="208" count="9" type="stmt"/>
        <line num="209" count="9" type="stmt"/>
        <line num="211" count="9" type="stmt"/>
        <line num="212" count="9" type="stmt"/>
        <line num="219" count="9" type="cond" truecount="2" falsecount="3"/>
        <line num="220" count="0" type="stmt"/>
        <line num="223" count="9" type="stmt"/>
        <line num="226" count="6" type="stmt"/>
        <line num="228" count="2" type="cond" truecount="1" falsecount="3"/>
        <line num="230" count="8" type="stmt"/>
        <line num="235" count="1" type="cond" truecount="1" falsecount="1"/>
        <line num="236" count="1" type="stmt"/>
        <line num="237" count="1" type="stmt"/>
        <line num="239" count="0" type="stmt"/>
      </file>
      <file name="HistoryViewer.vue" path="/workspace/src/components/HistoryViewer.vue">
        <metrics statements="143" coveredstatements="134" conditionals="76" coveredconditionals="61" methods="33" coveredmethods="26"/>
        <line num="2" count="188" type="cond" truecount="2" falsecount="0"/>
        <line num="3" count="3" type="stmt"/>
        <line num="5" count="3" type="stmt"/>
        <line num="6" count="3" type="stmt"/>
        <line num="7" count="1" type="cond" truecount="2" falsecount="0"/>
        <line num="11" count="3" type="stmt"/>
        <line num="12" count="3" type="stmt"/>
        <line num="13" count="3" type="stmt"/>
        <line num="16" count="1" type="cond" truecount="2" falsecount="0"/>
        <line num="20" count="3" type="stmt"/>
        <line num="21" count="3" type="stmt"/>
        <line num="24" count="1" type="cond" truecount="2" falsecount="0"/>
        <line num="28" count="3" type="stmt"/>
        <line num="29" count="3" type="stmt"/>
        <line num="31" count="1" type="cond" truecount="2" falsecount="0"/>
        <line num="34" count="3" type="stmt"/>
        <line num="35" count="3" type="stmt"/>
        <line num="36" count="3" type="stmt"/>
        <line num="52" count="3" type="stmt"/>
        <line num="55" count="0" type="cond" truecount="2" falsecount="0"/>
        <line num="74" count="0" type="stmt"/>
        <line num="86" count="3" type="stmt"/>
        <line num="87" count="3" type="stmt"/>
        <line num="94" count="3" type="stmt"/>
        <line num="96" count="3" type="stmt"/>
        <line num="99" count="0" type="stmt"/>
        <line num="107" count="0" type="stmt"/>
        <line num="118" count="3" type="stmt"/>
        <line num="119" count="455" type="stmt"/>
        <line num="124" count="3" type="stmt"/>
        <line num="125" count="3" type="stmt"/>
        <line num="126" count="3" type="stmt"/>
        <line num="133" count="3" type="stmt"/>
        <line num="135" count="3" type="stmt"/>
        <line num="138" count="4" type="stmt"/>
        <line num="146" count="1" type="stmt"/>
        <line num="167" count="3" type="stmt"/>
        <line num="168" count="3" type="stmt"/>
        <line num="169" count="3" type="stmt"/>
        <line num="170" count="3" type="stmt"/>
        <line num="172" count="1" type="cond" truecount="2" falsecount="0"/>
        <line num="201" count="34" type="stmt"/>
        <line num="203" count="34" type="stmt"/>
        <line num="205" count="34" type="stmt"/>
        <line num="210" count="34" type="stmt"/>
        <line num="217" count="34" type="stmt"/>
        <line num="218" count="34" type="stmt"/>
        <line num="219" count="34" type="stmt"/>
        <line num="220" count="34" type="stmt"/>
        <line num="221" count="34" type="stmt"/>
        <line num="222" count="34" type="stmt"/>
        <line num="223" count="34" type="stmt"/>
        <line num="224" count="34" type="stmt"/>
        <line num="225" count="34" type="stmt"/>
        <line num="226" count="3" type="stmt"/>
        <line num="227" count="34" type="stmt"/>
        <line num="228" count="34" type="stmt"/>
        <line num="229" count="34" type="stmt"/>
        <line num="230" count="34" type="stmt"/>
        <line num="231" count="34" type="stmt"/>
        <line num="234" count="34" type="stmt"/>
        <line num="237" count="34" type="stmt"/>
        <line num="239" count="140" type="stmt"/>
        <line num="240" count="0" type="stmt"/>
        <line num="245" count="34" type="stmt"/>
        <line num="248" count="34" type="stmt"/>
        <line num="249" count="34" type="stmt"/>
        <line num="250" count="34" type="stmt"/>
        <line num="251" count="34" type="stmt"/>
        <line num="253" count="34" type="stmt"/>
        <line num="254" count="34" type="stmt"/>
        <line num="257" count="34" type="cond" truecount="2" falsecount="0"/>
        <line num="258" count="1" type="stmt"/>
        <line num="261" count="34" type="stmt"/>
        <line num="265" count="34" type="stmt"/>
        <line num="266" count="3" type="stmt"/>
        <line num="270" count="68" type="stmt"/>
        <line num="274" count="456" type="stmt"/>
        <line num="275" count="456" type="stmt"/>
        <line num="285" count="459" type="cond" truecount="1" falsecount="1"/>
        <line num="287" count="459" type="stmt"/>
        <line num="288" count="459" type="stmt"/>
        <line num="289" count="459" type="cond" truecount="2" falsecount="0"/>
        <line num="290" count="1" type="cond" truecount="1" falsecount="1"/>
        <line num="291" count="0" type="stmt"/>
        <line num="293" count="400" type="cond" truecount="2" falsecount="0"/>
        <line num="298" count="41" type="stmt"/>
        <line num="299" count="41" type="stmt"/>
        <line num="300" count="41" type="stmt"/>
        <line num="301" count="41" type="stmt"/>
        <line num="302" count="41" type="stmt"/>
        <line num="304" count="41" type="stmt"/>
        <line num="306" count="41" type="cond" truecount="2" falsecount="0"/>
        <line num="307" count="4" type="stmt"/>
        <line num="308" count="4" type="stmt"/>
        <line num="315" count="4" type="stmt"/>
        <line num="316" count="4" type="stmt"/>
        <line num="319" count="37" type="stmt"/>
        <line num="327" count="36" type="stmt"/>
        <line num="328" count="36" type="stmt"/>
        <line num="332" count="40" type="stmt"/>
        <line num="334" count="1" type="stmt"/>
        <line num="336" count="41" type="stmt"/>
        <line num="342" count="80" type="stmt"/>
        <line num="343" count="40" type="cond" truecount="2" falsecount="0"/>
        <line num="345" count="16" type="stmt"/>
        <line num="346" count="16" type="stmt"/>
        <line num="347" count="16" type="stmt"/>
        <line num="349" count="0" type="stmt"/>
        <line num="350" count="0" type="stmt"/>
        <line num="356" count="459" type="cond" truecount="2" falsecount="0"/>
        <line num="360" count="5" type="cond" truecount="4" falsecount="0"/>
        <line num="361" count="2" type="cond" truecount="1" falsecount="1"/>
        <line num="363" count="2" type="stmt"/>
        <line num="364" count="2" type="stmt"/>
        <line num="366" count="2" type="stmt"/>
        <line num="367" count="2" type="stmt"/>
        <line num="375" count="1" type="stmt"/>
        <line num="376" count="1" type="stmt"/>
        <line num="379" count="20" type="stmt"/>
        <line num="380" count="1" type="cond" truecount="1" falsecount="1"/>
        <line num="381" count="1" type="stmt"/>
        <line num="382" count="1" type="stmt"/>
        <line num="383" count="1" type="stmt"/>
        <line num="385" count="0" type="stmt"/>
        <line num="389" count="1" type="stmt"/>
        <line num="390" count="1" type="stmt"/>
        <line num="392" count="2" type="stmt"/>
        <line num="397" count="1" type="cond" truecount="1" falsecount="1"/>
        <line num="399" count="1" type="stmt"/>
        <line num="400" count="1" type="stmt"/>
        <line num="402" count="1" type="cond" truecount="4" falsecount="1"/>
        <line num="403" count="1" type="stmt"/>
        <line num="408" count="1" type="stmt"/>
        <line num="412" count="2" type="cond" truecount="1" falsecount="1"/>
        <line num="414" count="2" type="stmt"/>
        <line num="416" count="2" type="stmt"/>
        <line num="417" count="2" type="stmt"/>
        <line num="420" count="2" type="stmt"/>
        <line num="422" count="1" type="stmt"/>
        <line num="423" count="1" type="stmt"/>
        <line num="425" count="1" type="stmt"/>
        <line num="427" count="2" type="stmt"/>
      </file>
      <file name="LogViewer.vue" path="/workspace/src/components/LogViewer.vue">
        <metrics statements="56" coveredstatements="56" conditionals="46" coveredconditionals="44" methods="15" coveredmethods="15"/>
        <line num="2" count="212" type="stmt"/>
        <line num="3" count="4" type="stmt"/>
        <line num="5" count="4" type="stmt"/>
        <line num="6" count="4" type="stmt"/>
        <line num="8" count="4" type="stmt"/>
        <line num="11" count="4" type="stmt"/>
        <line num="13" count="4" type="stmt"/>
        <line num="14" count="636" type="stmt"/>
        <line num="17" count="11" type="stmt"/>
        <line num="31" count="4" type="stmt"/>
        <line num="32" count="8" type="cond" truecount="2" falsecount="0"/>
        <line num="35" count="2" type="cond" truecount="2" falsecount="0"/>
        <line num="49" count="98" type="stmt"/>
        <line num="65" count="47" type="stmt"/>
        <line num="69" count="47" type="stmt"/>
        <line num="70" count="47" type="stmt"/>
        <line num="71" count="47" type="stmt"/>
        <line num="72" count="47" type="stmt"/>
        <line num="73" count="47" type="stmt"/>
        <line num="75" count="4" type="stmt"/>
        <line num="83" count="47" type="stmt"/>
        <line num="89" count="47" type="stmt"/>
        <line num="90" count="105" type="cond" truecount="2" falsecount="0"/>
        <line num="91" count="9" type="stmt"/>
        <line num="92" count="9" type="stmt"/>
        <line num="93" count="15" type="cond" truecount="4" falsecount="0"/>
        <line num="96" count="4" type="stmt"/>
        <line num="97" count="7" type="cond" truecount="2" falsecount="0"/>
        <line num="99" count="4" type="stmt"/>
        <line num="103" count="47" type="stmt"/>
        <line num="104" count="98" type="cond" truecount="4" falsecount="0"/>
        <line num="105" count="86" type="cond" truecount="4" falsecount="0"/>
        <line num="106" count="70" type="cond" truecount="4" falsecount="0"/>
        <line num="107" count="53" type="stmt"/>
        <line num="110" count="47" type="stmt"/>
        <line num="111" count="11" type="stmt"/>
        <line num="112" count="11" type="cond" truecount="1" falsecount="1"/>
        <line num="114" count="11" type="cond" truecount="2" falsecount="0"/>
        <line num="117" count="47" type="stmt"/>
        <line num="118" count="49" type="stmt"/>
        <line num="119" count="49" type="cond" truecount="1" falsecount="1"/>
        <line num="120" count="49" type="stmt"/>
        <line num="124" count="47" type="stmt"/>
        <line num="125" count="53" type="stmt"/>
        <line num="126" count="53" type="stmt"/>
        <line num="127" count="53" type="stmt"/>
        <line num="128" count="49" type="cond" truecount="2" falsecount="0"/>
        <line num="129" count="53" type="stmt"/>
        <line num="131" count="2" type="stmt"/>
        <line num="133" count="51" type="stmt"/>
        <line num="137" count="47" type="stmt"/>
        <line num="139" count="47" type="stmt"/>
        <line num="140" count="8" type="stmt"/>
        <line num="141" count="8" type="cond" truecount="2" falsecount="0"/>
        <line num="144" count="47" type="stmt"/>
        <line num="145" count="47" type="stmt"/>
      </file>
      <file name="NetworkStatusIndicator.vue" path="/workspace/src/components/NetworkStatusIndicator.vue">
        <metrics statements="2" coveredstatements="2" conditionals="4" coveredconditionals="4" methods="0" coveredmethods="0"/>
        <line num="3" count="10" type="cond" truecount="2" falsecount="0"/>
        <line num="21" count="10" type="stmt"/>
      </file>
      <file name="OfflineBanner.vue" path="/workspace/src/components/OfflineBanner.vue">
        <metrics statements="18" coveredstatements="18" conditionals="11" coveredconditionals="10" methods="4" coveredmethods="4"/>
        <line num="2" count="41" type="stmt"/>
        <line num="10" count="42" type="stmt"/>
        <line num="18" count="24" type="stmt"/>
        <line num="20" count="24" type="stmt"/>
        <line num="24" count="24" type="stmt"/>
        <line num="25" count="24" type="stmt"/>
        <line num="26" count="24" type="stmt"/>
        <line num="28" count="24" type="stmt"/>
        <line num="29" count="41" type="stmt"/>
        <line num="31" count="17" type="cond" truecount="2" falsecount="0"/>
        <line num="33" count="17" type="cond" truecount="2" falsecount="0"/>
        <line num="34" count="8" type="stmt"/>
        <line num="35" count="8" type="stmt"/>
        <line num="36" count="9" type="cond" truecount="1" falsecount="1"/>
        <line num="38" count="9" type="stmt"/>
        <line num="39" count="9" type="stmt"/>
        <line num="40" count="3" type="stmt"/>
        <line num="41" count="3" type="stmt"/>
      </file>
      <file name="OfflineQueueModal.vue" path="/workspace/src/components/OfflineQueueModal.vue">
        <metrics statements="54" coveredstatements="51" conditionals="30" coveredconditionals="27" methods="10" coveredmethods="10"/>
        <line num="2" count="58" type="cond" truecount="2" falsecount="0"/>
        <line num="3" count="3" type="stmt"/>
        <line num="5" count="3" type="stmt"/>
        <line num="6" count="3" type="stmt"/>
        <line num="7" count="1" type="cond" truecount="2" falsecount="0"/>
        <line num="11" count="3" type="stmt"/>
        <line num="19" count="90" type="stmt"/>
        <line num="24" count="3" type="stmt"/>
        <line num="25" count="3" type="stmt"/>
        <line num="26" count="3" type="stmt"/>
        <line num="33" count="3" type="stmt"/>
        <line num="35" count="3" type="stmt"/>
        <line num="37" count="3" type="stmt"/>
        <line num="47" count="3" type="stmt"/>
        <line num="48" count="3" type="stmt"/>
        <line num="83" count="24" type="stmt"/>
        <line num="85" count="24" type="stmt"/>
        <line num="89" count="24" type="stmt"/>
        <line num="90" count="24" type="stmt"/>
        <line num="91" count="24" type="stmt"/>
        <line num="93" count="24" type="stmt"/>
        <line num="94" count="24" type="stmt"/>
        <line num="98" count="26" type="stmt"/>
        <line num="99" count="26" type="stmt"/>
        <line num="100" count="26" type="stmt"/>
        <line num="101" count="26" type="stmt"/>
        <line num="103" count="0" type="stmt"/>
        <line num="105" count="26" type="stmt"/>
        <line num="110" count="3" type="stmt"/>
        <line num="111" count="3" type="stmt"/>
        <line num="112" count="3" type="stmt"/>
        <line num="113" count="2" type="stmt"/>
        <line num="114" count="2" type="stmt"/>
        <line num="116" count="1" type="stmt"/>
        <line num="118" count="3" type="stmt"/>
        <line num="123" count="95" type="cond" truecount="5" falsecount="0"/>
        <line num="125" count="31" type="stmt"/>
        <line num="127" count="31" type="stmt"/>
        <line num="129" count="31" type="stmt"/>
        <line num="131" count="1" type="stmt"/>
        <line num="133" count="1" type="stmt"/>
        <line num="138" count="90" type="cond" truecount="3" falsecount="2"/>
        <line num="140" count="30" type="stmt"/>
        <line num="142" count="30" type="stmt"/>
        <line num="144" count="30" type="stmt"/>
        <line num="146" count="0" type="stmt"/>
        <line num="148" count="0" type="stmt"/>
        <line num="153" count="91" type="stmt"/>
        <line num="154" count="91" type="stmt"/>
        <line num="155" count="91" type="cond" truecount="4" falsecount="0"/>
        <line num="156" count="31" type="cond" truecount="1" falsecount="1"/>
        <line num="161" count="60" type="stmt"/>
        <line num="165" count="91" type="stmt"/>
        <line num="166" count="91" type="stmt"/>
      </file>
      <file name="OnboardingModal.vue" path="/workspace/src/components/OnboardingModal.vue">
        <metrics statements="91" coveredstatements="42" conditionals="137" coveredconditionals="97" methods="15" coveredmethods="4"/>
        <line num="2" count="32" type="stmt"/>
        <line num="3" count="3" type="stmt"/>
        <line num="5" count="3" type="stmt"/>
        <line num="6" count="3" type="cond" truecount="2" falsecount="0"/>
        <line num="20" count="3" type="stmt"/>
        <line num="21" count="87" type="stmt"/>
        <line num="40" count="3" type="stmt"/>
        <line num="44" count="3" type="stmt"/>
        <line num="48" count="0" type="cond" truecount="2" falsecount="0"/>
        <line num="57" count="0" type="cond" truecount="2" falsecount="0"/>
        <line num="66" count="0" type="cond" truecount="2" falsecount="0"/>
        <line num="72" count="3" type="stmt"/>
        <line num="90" count="3" type="stmt"/>
        <line num="93" count="3" type="stmt"/>
        <line num="95" count="0" type="cond" truecount="2" falsecount="0"/>
        <line num="122" count="3" type="stmt"/>
        <line num="123" count="3" type="stmt"/>
        <line num="124" count="3" type="stmt"/>
        <line num="158" count="3" type="stmt"/>
        <line num="167" count="3" type="stmt"/>
        <line num="202" count="25" type="stmt"/>
        <line num="229" count="25" type="stmt"/>
        <line num="230" count="25" type="stmt"/>
        <line num="233" count="25" type="stmt"/>
        <line num="234" count="25" type="stmt"/>
        <line num="235" count="25" type="stmt"/>
        <line num="236" count="25" type="stmt"/>
        <line num="237" count="25" type="stmt"/>
        <line num="240" count="25" type="stmt"/>
        <line num="241" count="25" type="stmt"/>
        <line num="242" count="25" type="stmt"/>
        <line num="243" count="25" type="stmt"/>
        <line num="245" count="25" type="stmt"/>
        <line num="246" count="25" type="stmt"/>
        <line num="247" count="25" type="stmt"/>
        <line num="248" count="25" type="cond" truecount="2" falsecount="0"/>
        <line num="249" count="25" type="cond" truecount="2" falsecount="0"/>
        <line num="250" count="25" type="cond" truecount="2" falsecount="0"/>
        <line num="251" count="25" type="cond" truecount="2" falsecount="0"/>
        <line num="254" count="25" type="cond" truecount="1" falsecount="1"/>
        <line num="255" count="0" type="stmt"/>
        <line num="256" count="0" type="stmt"/>
        <line num="259" count="0" type="stmt"/>
        <line num="264" count="0" type="cond" truecount="0" falsecount="4"/>
        <line num="266" count="0" type="stmt"/>
        <line num="267" count="0" type="stmt"/>
        <line num="268" count="0" type="stmt"/>
        <line num="270" count="0" type="stmt"/>
        <line num="271" count="0" type="stmt"/>
        <line num="281" count="0" type="stmt"/>
        <line num="282" count="0" type="cond" truecount="0" falsecount="2"/>
        <line num="283" count="0" type="stmt"/>
        <line num="286" count="0" type="stmt"/>
        <line num="291" count="0" type="stmt"/>
        <line num="296" count="0" type="stmt"/>
        <line num="297" count="0" type="stmt"/>
        <line num="298" count="0" type="stmt"/>
        <line num="303" count="0" type="cond" truecount="0" falsecount="2"/>
        <line num="304" count="0" type="stmt"/>
        <line num="307" count="0" type="stmt"/>
        <line num="312" count="0" type="cond" truecount="0" falsecount="2"/>
        <line num="313" count="0" type="stmt"/>
        <line num="318" count="1" type="cond" truecount="1" falsecount="1"/>
        <line num="319" count="1" type="stmt"/>
        <line num="324" count="0" type="stmt"/>
        <line num="328" count="0" type="stmt"/>
        <line num="329" count="0" type="stmt"/>
        <line num="331" count="0" type="stmt"/>
        <line num="336" count="0" type="cond" truecount="0" falsecount="2"/>
        <line num="337" count="0" type="stmt"/>
        <line num="339" count="0" type="cond" truecount="0" falsecount="2"/>
        <line num="340" count="0" type="stmt"/>
        <line num="342" count="0" type="cond" truecount="0" falsecount="2"/>
        <line num="343" count="0" type="stmt"/>
        <line num="345" count="0" type="cond" truecount="0" falsecount="2"/>
        <line num="346" count="0" type="stmt"/>
        <line num="349" count="0" type="stmt"/>
        <line num="351" count="0" type="stmt"/>
        <line num="353" count="0" type="stmt"/>
        <line num="354" count="0" type="stmt"/>
        <line num="355" count="0" type="stmt"/>
        <line num="358" count="0" type="stmt"/>
        <line num="363" count="1" type="cond" truecount="1" falsecount="1"/>
        <line num="364" count="0" type="stmt"/>
        <line num="365" count="0" type="stmt"/>
        <line num="367" count="1" type="cond" truecount="1" falsecount="1"/>
        <line num="368" count="1" type="stmt"/>
        <line num="372" count="25" type="stmt"/>
        <line num="373" count="0" type="cond" truecount="0" falsecount="2"/>
        <line num="374" count="0" type="stmt"/>
        <line num="375" count="0" type="stmt"/>
      </file>
      <file name="QuickNoteModal.vue" path="/workspace/src/components/QuickNoteModal.vue">
        <metrics statements="34" coveredstatements="34" conditionals="16" coveredconditionals="13" methods="8" coveredmethods="8"/>
        <line num="2" count="60" type="cond" truecount="2" falsecount="0"/>
        <line num="3" count="4" type="stmt"/>
        <line num="4" count="4" type="stmt"/>
        <line num="5" count="4" type="stmt"/>
        <line num="7" count="4" type="stmt"/>
        <line num="12" count="4" type="stmt"/>
        <line num="15" count="12" type="cond" truecount="2" falsecount="0"/>
        <line num="23" count="4" type="stmt"/>
        <line num="24" count="4" type="stmt"/>
        <line num="25" count="4" type="stmt"/>
        <line num="27" count="1" type="cond" truecount="2" falsecount="0"/>
        <line num="51" count="30" type="stmt"/>
        <line num="52" count="30" type="stmt"/>
        <line num="53" count="30" type="stmt"/>
        <line num="55" count="30" type="stmt"/>
        <line num="56" count="30" type="stmt"/>
        <line num="57" count="30" type="stmt"/>
        <line num="60" count="30" type="stmt"/>
        <line num="61" count="30" type="stmt"/>
        <line num="63" count="30" type="stmt"/>
        <line num="64" count="31" type="cond" truecount="1" falsecount="1"/>
        <line num="73" count="30" type="stmt"/>
        <line num="74" count="8" type="cond" truecount="2" falsecount="0"/>
        <line num="75" count="5" type="stmt"/>
        <line num="78" count="30" type="stmt"/>
        <line num="80" count="30" type="stmt"/>
        <line num="81" count="30" type="stmt"/>
        <line num="82" count="30" type="stmt"/>
        <line num="83" count="30" type="stmt"/>
        <line num="84" count="30" type="stmt"/>
        <line num="86" count="30" type="stmt"/>
        <line num="89" count="30" type="stmt"/>
        <line num="90" count="1" type="cond" truecount="1" falsecount="1"/>
        <line num="91" count="1" type="stmt"/>
      </file>
      <file name="QuickNoteWindow.vue" path="/workspace/src/components/QuickNoteWindow.vue">
        <metrics statements="35" coveredstatements="35" conditionals="16" coveredconditionals="14" methods="6" coveredmethods="6"/>
        <line num="2" count="70" type="stmt"/>
        <line num="3" count="2" type="stmt"/>
        <line num="4" count="2" type="stmt"/>
        <line num="6" count="2" type="stmt"/>
        <line num="11" count="2" type="stmt"/>
        <line num="14" count="13" type="cond" truecount="2" falsecount="0"/>
        <line num="23" count="2" type="stmt"/>
        <line num="24" count="2" type="stmt"/>
        <line num="25" count="2" type="stmt"/>
        <line num="51" count="31" type="stmt"/>
        <line num="52" count="31" type="stmt"/>
        <line num="54" count="31" type="stmt"/>
        <line num="55" count="31" type="stmt"/>
        <line num="56" count="31" type="stmt"/>
        <line num="57" count="31" type="stmt"/>
        <line num="59" count="31" type="stmt"/>
        <line num="60" count="32" type="stmt"/>
        <line num="69" count="31" type="stmt"/>
        <line num="70" count="9" type="stmt"/>
        <line num="71" count="9" type="stmt"/>
        <line num="74" count="31" type="stmt"/>
        <line num="75" count="10" type="cond" truecount="4" falsecount="0"/>
        <line num="77" count="8" type="stmt"/>
        <line num="78" count="8" type="stmt"/>
        <line num="79" count="8" type="stmt"/>
        <line num="80" count="6" type="stmt"/>
        <line num="82" count="1" type="stmt"/>
        <line num="83" count="1" type="stmt"/>
        <line num="87" count="31" type="stmt"/>
        <line num="89" count="31" type="stmt"/>
        <line num="90" count="31" type="stmt"/>
        <line num="91" count="31" type="stmt"/>
        <line num="92" count="31" type="stmt"/>
        <line num="95" count="31" type="stmt"/>
        <line num="96" count="2" type="cond" truecount="1" falsecount="1"/>
      </file>
      <file name="ReanalyzeByDateModal.vue" path="/workspace/src/components/ReanalyzeByDateModal.vue">
        <metrics statements="60" coveredstatements="58" conditionals="43" coveredconditionals="40" methods="9" coveredmethods="8"/>
        <line num="2" count="67" type="cond" truecount="2" falsecount="0"/>
        <line num="3" count="3" type="stmt"/>
        <line num="5" count="3" type="stmt"/>
        <line num="6" count="3" type="stmt"/>
        <line num="7" count="1" type="cond" truecount="2" falsecount="0"/>
        <line num="11" count="3" type="stmt"/>
        <line num="13" count="3" type="stmt"/>
        <line num="14" count="3" type="stmt"/>
        <line num="16" count="2" type="cond" truecount="2" falsecount="0"/>
        <line num="21" count="3" type="stmt"/>
        <line num="26" count="3" type="stmt"/>
        <line num="27" count="3" type="stmt"/>
        <line num="41" count="3" type="stmt"/>
        <line num="43" count="3" type="stmt"/>
        <line num="47" count="3" type="stmt"/>
        <line num="48" count="3" type="stmt"/>
        <line num="49" count="1" type="stmt"/>
        <line num="59" count="3" type="stmt"/>
        <line num="63" count="3" type="stmt"/>
        <line num="65" count="0" type="cond" truecount="2" falsecount="0"/>
        <line num="97" count="20" type="stmt"/>
        <line num="99" count="20" type="stmt"/>
        <line num="104" count="20" type="stmt"/>
        <line num="105" count="20" type="stmt"/>
        <line num="106" count="20" type="stmt"/>
        <line num="107" count="20" type="stmt"/>
        <line num="108" count="20" type="stmt"/>
        <line num="109" count="20" type="stmt"/>
        <line num="110" count="20" type="stmt"/>
        <line num="112" count="20" type="stmt"/>
        <line num="114" count="20" type="stmt"/>
        <line num="115" count="20" type="stmt"/>
        <line num="116" count="20" type="stmt"/>
        <line num="120" count="20" type="stmt"/>
        <line num="121" count="23" type="cond" truecount="2" falsecount="0"/>
        <line num="122" count="1" type="stmt"/>
        <line num="123" count="1" type="stmt"/>
        <line num="126" count="22" type="stmt"/>
        <line num="127" count="22" type="stmt"/>
        <line num="129" count="22" type="stmt"/>
        <line num="130" count="22" type="stmt"/>
        <line num="135" count="27" type="stmt"/>
        <line num="137" count="9" type="stmt"/>
        <line num="139" count="21" type="stmt"/>
        <line num="143" count="20" type="stmt"/>
        <line num="144" count="5" type="cond" truecount="3" falsecount="1"/>
        <line num="146" count="5" type="stmt"/>
        <line num="147" count="5" type="stmt"/>
        <line num="148" count="5" type="stmt"/>
        <line num="150" count="5" type="stmt"/>
        <line num="151" count="5" type="stmt"/>
        <line num="155" count="4" type="stmt"/>
        <line num="157" count="4" type="cond" truecount="2" falsecount="0"/>
        <line num="158" count="3" type="stmt"/>
        <line num="159" count="3" type="stmt"/>
        <line num="162" count="4" type="cond" truecount="3" falsecount="1"/>
        <line num="163" count="0" type="stmt"/>
        <line num="166" count="1" type="stmt"/>
        <line num="167" count="1" type="stmt"/>
        <line num="169" count="5" type="stmt"/>
      </file>
      <file name="ReportComparisonModal.vue" path="/workspace/src/components/ReportComparisonModal.vue">
        <metrics statements="96" coveredstatements="96" conditionals="68" coveredconditionals="67" methods="16" coveredmethods="16"/>
        <line num="2" count="155" type="cond" truecount="2" falsecount="0"/>
        <line num="3" count="3" type="stmt"/>
        <line num="5" count="3" type="stmt"/>
        <line num="6" count="3" type="stmt"/>
        <line num="7" count="1" type="cond" truecount="2" falsecount="0"/>
        <line num="11" count="3" type="stmt"/>
        <line num="13" count="3" type="stmt"/>
        <line num="14" count="3" type="stmt"/>
        <line num="15" count="3" type="stmt"/>
        <line num="18" count="21" type="cond" truecount="2" falsecount="0"/>
        <line num="21" count="3" type="stmt"/>
        <line num="24" count="21" type="cond" truecount="2" falsecount="0"/>
        <line num="32" count="3" type="stmt"/>
        <line num="33" count="3" type="stmt"/>
        <line num="34" count="3" type="stmt"/>
        <line num="37" count="17" type="cond" truecount="2" falsecount="0"/>
        <line num="40" count="3" type="stmt"/>
        <line num="43" count="17" type="cond" truecount="2" falsecount="0"/>
        <line num="51" count="3" type="stmt"/>
        <line num="52" count="3" type="stmt"/>
        <line num="53" count="3" type="stmt"/>
        <line num="55" count="3" type="cond" truecount="2" falsecount="0"/>
        <line num="58" count="3" type="stmt"/>
        <line num="61" count="2" type="cond" truecount="2" falsecount="0"/>
        <line num="64" count="3" type="stmt"/>
        <line num="73" count="3" type="stmt"/>
        <line num="76" count="3" type="stmt"/>
        <line num="81" count="3" type="stmt"/>
        <line num="86" count="3" type="stmt"/>
        <line num="88" count="1" type="cond" truecount="2" falsecount="0"/>
        <line num="111" count="49" type="stmt"/>
        <line num="113" count="49" type="stmt"/>
        <line num="115" count="49" type="stmt"/>
        <line num="116" count="49" type="stmt"/>
        <line num="117" count="49" type="stmt"/>
        <line num="118" count="49" type="stmt"/>
        <line num="119" count="49" type="stmt"/>
        <line num="120" count="49" type="stmt"/>
        <line num="121" count="49" type="stmt"/>
        <line num="123" count="49" type="stmt"/>
        <line num="124" count="190" type="cond" truecount="4" falsecount="0"/>
        <line num="125" count="52" type="stmt"/>
        <line num="126" count="52" type="stmt"/>
        <line num="127" count="52" type="cond" truecount="4" falsecount="0"/>
        <line num="128" count="51" type="stmt"/>
        <line num="129" count="51" type="cond" truecount="2" falsecount="0"/>
        <line num="132" count="97" type="stmt"/>
        <line num="133" count="88" type="stmt"/>
        <line num="135" count="49" type="stmt"/>
        <line num="136" count="127" type="cond" truecount="5" falsecount="0"/>
        <line num="137" count="5" type="stmt"/>
        <line num="139" count="122" type="cond" truecount="5" falsecount="0"/>
        <line num="140" count="1" type="stmt"/>
        <line num="142" count="121" type="stmt"/>
        <line num="145" count="49" type="stmt"/>
        <line num="147" count="49" type="stmt"/>
        <line num="148" count="5" type="stmt"/>
        <line num="149" count="5" type="stmt"/>
        <line num="150" count="5" type="stmt"/>
        <line num="152" count="5" type="cond" truecount="2" falsecount="0"/>
        <line num="153" count="3" type="cond" truecount="2" falsecount="0"/>
        <line num="154" count="3" type="stmt"/>
        <line num="155" count="3" type="stmt"/>
        <line num="156" count="3" type="stmt"/>
        <line num="157" count="3" type="stmt"/>
        <line num="158" count="3" type="stmt"/>
        <line num="159" count="3" type="stmt"/>
        <line num="160" count="3" type="stmt"/>
        <line num="161" count="3" type="stmt"/>
        <line num="163" count="3" type="stmt"/>
        <line num="164" count="3" type="stmt"/>
        <line num="165" count="3" type="stmt"/>
        <line num="166" count="3" type="stmt"/>
        <line num="167" count="2" type="cond" truecount="1" falsecount="1"/>
        <line num="168" count="2" type="stmt"/>
        <line num="169" count="2" type="stmt"/>
        <line num="170" count="2" type="stmt"/>
        <line num="171" count="2" type="stmt"/>
        <line num="173" count="2" type="stmt"/>
        <line num="174" count="2" type="stmt"/>
        <line num="175" count="2" type="stmt"/>
        <line num="176" count="2" type="stmt"/>
        <line num="180" count="49" type="stmt"/>
        <line num="181" count="13" type="cond" truecount="4" falsecount="0"/>
        <line num="182" count="11" type="stmt"/>
        <line num="183" count="11" type="stmt"/>
        <line num="184" count="11" type="stmt"/>
        <line num="186" count="11" type="stmt"/>
        <line num="187" count="11" type="stmt"/>
        <line num="193" count="7" type="stmt"/>
        <line num="194" count="7" type="stmt"/>
        <line num="195" count="7" type="stmt"/>
        <line num="197" count="4" type="stmt"/>
        <line num="198" count="4" type="cond" truecount="2" falsecount="0"/>
        <line num="199" count="4" type="stmt"/>
        <line num="201" count="11" type="stmt"/>
      </file>
      <file name="ReportDropdown.vue" path="/workspace/src/components/ReportDropdown.vue">
        <metrics statements="70" coveredstatements="54" conditionals="82" coveredconditionals="53" methods="22" coveredmethods="13"/>
        <line num="2" count="56" type="stmt"/>
        <line num="6" count="0" type="cond" truecount="0" falsecount="2"/>
        <line num="11" count="4" type="stmt"/>
        <line num="12" count="0" type="stmt"/>
        <line num="51" count="33" type="stmt"/>
        <line num="54" count="2" type="stmt"/>
        <line num="59" count="4" type="stmt"/>
        <line num="70" count="4" type="stmt"/>
        <line num="75" count="4" type="stmt"/>
        <line num="79" count="4" type="stmt"/>
        <line num="98" count="21" type="stmt"/>
        <line num="101" count="1" type="stmt"/>
        <line num="106" count="4" type="stmt"/>
        <line num="115" count="0" type="stmt"/>
        <line num="118" count="0" type="stmt"/>
[...]
        <line num="8" count="4" type="stmt"/>
        <line num="11" count="35" type="stmt"/>
        <line num="13" count="35" type="stmt"/>
        <line num="18" count="229" type="cond" truecount="1" falsecount="1"/>
        <line num="19" count="0" type="stmt"/>
        <line num="23" count="229" type="stmt"/>
        <line num="26" count="229" type="cond" truecount="1" falsecount="1"/>
        <line num="27" count="0" type="stmt"/>
        <line num="28" count="0" type="cond" truecount="0" falsecount="2"/>
        <line num="29" count="0" type="stmt"/>
        <line num="34" count="229" type="stmt"/>
        <line num="35" count="229" type="stmt"/>
        <line num="38" count="35" type="stmt"/>
        <line num="39" count="0" type="stmt"/>
        <line num="42" count="35" type="stmt"/>
        <line num="43" count="0" type="stmt"/>
        <line num="46" count="35" type="stmt"/>
        <line num="47" count="0" type="stmt"/>
        <line num="50" count="35" type="stmt"/>
      </file>
      <file name="useVirtualScroll.ts" path="/workspace/src/composables/useVirtualScroll.ts">
        <metrics statements="46" coveredstatements="27" conditionals="19" coveredconditionals="3" methods="12" coveredmethods="6"/>
        <line num="26" count="35" type="cond" truecount="1" falsecount="0"/>
        <line num="28" count="35" type="stmt"/>
        <line num="29" count="35" type="stmt"/>
        <line num="30" count="35" type="stmt"/>
        <line num="33" count="35" type="stmt"/>
        <line num="34" count="40" type="stmt"/>
        <line num="35" count="40" type="stmt"/>
        <line num="37" count="40" type="stmt"/>
        <line num="38" count="40" type="stmt"/>
        <line num="40" count="40" type="stmt"/>
        <line num="44" count="35" type="stmt"/>
        <line num="45" count="40" type="stmt"/>
        <line num="47" count="40" type="stmt"/>
        <line num="48" count="132" type="stmt"/>
        <line num="49" count="132" type="stmt"/>
        <line num="62" count="40" type="stmt"/>
        <line num="65" count="35" type="stmt"/>
        <line num="66" count="0" type="cond" truecount="0" falsecount="2"/>
        <line num="68" count="0" type="stmt"/>
        <line num="69" count="0" type="cond" truecount="0" falsecount="2"/>
        <line num="70" count="0" type="stmt"/>
        <line num="71" count="0" type="stmt"/>
        <line num="73" count="0" type="stmt"/>
        <line num="78" count="35" type="stmt"/>
        <line num="79" count="0" type="cond" truecount="0" falsecount="2"/>
        <line num="80" count="0" type="stmt"/>
        <line num="84" count="35" type="stmt"/>
        <line num="86" count="35" type="stmt"/>
        <line num="87" count="35" type="cond" truecount="1" falsecount="1"/>
        <line num="88" count="35" type="stmt"/>
        <line num="89" count="35" type="stmt"/>
        <line num="92" count="35" type="cond" truecount="1" falsecount="1"/>
        <line num="93" count="0" type="stmt"/>
        <line num="94" count="0" type="stmt"/>
        <line num="96" count="0" type="stmt"/>
        <line num="101" count="35" type="stmt"/>
        <line num="102" count="0" type="cond" truecount="0" falsecount="2"/>
        <line num="103" count="0" type="stmt"/>
        <line num="105" count="0" type="cond" truecount="0" falsecount="2"/>
        <line num="106" count="0" type="stmt"/>
        <line num="108" count="0" type="cond" truecount="0" falsecount="2"/>
        <line num="109" count="0" type="stmt"/>
        <line num="114" count="35" type="stmt"/>
        <line num="115" count="0" type="cond" truecount="0" falsecount="2"/>
        <line num="116" count="0" type="stmt"/>
        <line num="120" count="35" type="stmt"/>
      </file>
    </package>
    <package name="src.features.capture">
      <metrics statements="8" coveredstatements="2" conditionals="0" coveredconditionals="0" methods="7" coveredmethods="1"/>
      <file name="actions.ts" path="/workspace/src/features/capture/actions.ts">
        <metrics statements="8" coveredstatements="2" conditionals="0" coveredconditionals="0" methods="7" coveredmethods="1"/>
        <line num="25" count="4" type="stmt"/>
        <line num="27" count="0" type="stmt"/>
        <line num="31" count="4" type="stmt"/>
        <line num="35" count="0" type="stmt"/>
        <line num="39" count="0" type="stmt"/>
        <line num="43" count="0" type="stmt"/>
        <line num="47" count="0" type="stmt"/>
        <line num="53" count="0" type="stmt"/>
      </file>
    </package>
    <package name="src.features.records">
      <metrics statements="8" coveredstatements="7" conditionals="0" coveredconditionals="0" methods="6" coveredmethods="5"/>
      <file name="actions.ts" path="/workspace/src/features/records/actions.ts">
        <metrics statements="8" coveredstatements="7" conditionals="0" coveredconditionals="0" methods="6" coveredmethods="5"/>
        <line num="16" count="7" type="stmt"/>
        <line num="18" count="2" type="stmt"/>
        <line num="22" count="2" type="stmt"/>
        <line num="26" count="0" type="stmt"/>
        <line num="37" count="7" type="stmt"/>
        <line num="39" count="8" type="stmt"/>
        <line num="43" count="3" type="stmt"/>
        <line num="47" count="3" type="stmt"/>
      </file>
    </package>
    <package name="src.features.reports">
      <metrics statements="6" coveredstatements="1" conditionals="0" coveredconditionals="0" methods="5" coveredmethods="0"/>
      <file name="actions.ts" path="/workspace/src/features/reports/actions.ts">
        <metrics statements="6" coveredstatements="1" conditionals="0" coveredconditionals="0" methods="5" coveredmethods="0"/>
        <line num="24" count="2" type="stmt"/>
        <line num="26" count="0" type="stmt"/>
        <line num="30" count="0" type="stmt"/>
        <line num="34" count="0" type="stmt"/>
        <line num="38" count="0" type="stmt"/>
        <line num="42" count="0" type="stmt"/>
      </file>
    </package>
    <package name="src.features.sessions">
      <metrics statements="4" coveredstatements="1" conditionals="0" coveredconditionals="0" methods="3" coveredmethods="0"/>
      <file name="actions.ts" path="/workspace/src/features/sessions/actions.ts">
        <metrics statements="4" coveredstatements="1" conditionals="0" coveredconditionals="0" methods="3" coveredmethods="0"/>
        <line num="28" count="2" type="stmt"/>
        <line num="30" count="0" type="stmt"/>
        <line num="34" count="0" type="stmt"/>
        <line num="38" count="0" type="stmt"/>
      </file>
    </package>
    <package name="src.features.settings">
      <metrics statements="6" coveredstatements="5" conditionals="0" coveredconditionals="0" methods="5" coveredmethods="4"/>
      <file name="actions.ts" path="/workspace/src/features/settings/actions.ts">
        <metrics statements="6" coveredstatements="5" conditionals="0" coveredconditionals="0" methods="5" coveredmethods="4"/>
        <line num="18" count="8" type="stmt"/>
        <line num="20" count="75" type="stmt"/>
        <line num="24" count="8" type="stmt"/>
        <line num="28" count="64" type="stmt"/>
        <line num="32" count="62" type="stmt"/>
        <line num="36" count="0" type="stmt"/>
      </file>
    </package>
    <package name="src.features.system">
      <metrics statements="9" coveredstatements="6" conditionals="0" coveredconditionals="0" methods="8" coveredmethods="5"/>
      <file name="actions.ts" path="/workspace/src/features/system/actions.ts">
        <metrics statements="9" coveredstatements="6" conditionals="0" coveredconditionals="0" methods="8" coveredmethods="5"/>
        <line num="24" count="13" type="stmt"/>
        <line num="26" count="2" type="stmt"/>
        <line num="30" count="2" type="stmt"/>
        <line num="34" count="2" type="stmt"/>
        <line num="38" count="1" type="stmt"/>
        <line num="42" count="0" type="stmt"/>
        <line num="46" count="0" type="stmt"/>
        <line num="50" count="0" type="stmt"/>
        <line num="54" count="8" type="stmt"/>
      </file>
    </package>
    <package name="src.locales">
      <metrics statements="74" coveredstatements="74" conditionals="0" coveredconditionals="0" methods="0" coveredmethods="0"/>
      <file name="en.json" path="/workspace/src/locales/en.json">
        <metrics statements="37" coveredstatements="37" conditionals="0" coveredconditionals="0" methods="0" coveredmethods="0"/>
        <line num="1" count="62" type="stmt"/>
        <line num="2" count="62" type="stmt"/>
        <line num="3" count="62" type="stmt"/>
        <line num="4" count="62" type="stmt"/>
        <line num="5" count="62" type="stmt"/>
        <line num="6" count="62" type="stmt"/>
        <line num="7" count="62" type="stmt"/>
        <line num="8" count="62" type="stmt"/>
        <line num="9" count="62" type="stmt"/>
        <line num="10" count="62" type="stmt"/>
        <line num="11" count="62" type="stmt"/>
        <line num="12" count="62" type="stmt"/>
        <line num="13" count="62" type="stmt"/>
        <line num="14" count="62" type="stmt"/>
        <line num="15" count="62" type="stmt"/>
        <line num="16" count="62" type="stmt"/>
        <line num="17" count="62" type="stmt"/>
        <line num="18" count="62" type="stmt"/>
        <line num="19" count="62" type="stmt"/>
        <line num="20" count="62" type="stmt"/>
        <line num="21" count="62" type="stmt"/>
        <line num="22" count="62" type="stmt"/>
        <line num="23" count="62" type="stmt"/>
        <line num="24" count="62" type="stmt"/>
        <line num="25" count="62" type="stmt"/>
        <line num="26" count="62" type="stmt"/>
        <line num="27" count="62" type="stmt"/>
        <line num="28" count="62" type="stmt"/>
        <line num="29" count="62" type="stmt"/>
        <line num="30" count="62" type="stmt"/>
        <line num="31" count="62" type="stmt"/>
        <line num="32" count="62" type="stmt"/>
        <line num="33" count="62" type="stmt"/>
        <line num="34" count="62" type="stmt"/>
        <line num="35" count="62" type="stmt"/>
        <line num="36" count="62" type="stmt"/>
        <line num="37" count="62" type="stmt"/>
      </file>
      <file name="zh-CN.json" path="/workspace/src/locales/zh-CN.json">
        <metrics statements="37" coveredstatements="37" conditionals="0" coveredconditionals="0" methods="0" coveredmethods="0"/>
        <line num="1" count="62" type="stmt"/>
        <line num="2" count="62" type="stmt"/>
        <line num="3" count="62" type="stmt"/>
        <line num="4" count="62" type="stmt"/>
        <line num="5" count="62" type="stmt"/>
        <line num="6" count="62" type="stmt"/>
        <line num="7" count="62" type="stmt"/>
        <line num="8" count="62" type="stmt"/>
        <line num="9" count="62" type="stmt"/>
        <line num="10" count="62" type="stmt"/>
        <line num="11" count="62" type="stmt"/>
        <line num="12" count="62" type="stmt"/>
        <line num="13" count="62" type="stmt"/>
        <line num="14" count="62" type="stmt"/>
        <line num="15" count="62" type="stmt"/>
        <line num="16" count="62" type="stmt"/>
        <line num="17" count="62" type="stmt"/>
        <line num="18" count="62" type="stmt"/>
        <line num="19" count="62" type="stmt"/>
        <line num="20" count="62" type="stmt"/>
        <line num="21" count="62" type="stmt"/>
        <line num="22" count="62" type="stmt"/>
        <line num="23" count="62" type="stmt"/>
        <line num="24" count="62" type="stmt"/>
        <line num="25" count="62" type="stmt"/>
        <line num="26" count="62" type="stmt"/>
        <line num="27" count="62" type="stmt"/>
        <line num="28" count="62" type="stmt"/>
        <line num="29" count="62" type="stmt"/>
        <line num="30" count="62" type="stmt"/>
        <line num="31" count="62" type="stmt"/>
        <line num="32" count="62" type="stmt"/>
        <line num="33" count="62" type="stmt"/>
        <line num="34" count="62" type="stmt"/>
        <line num="35" count="62" type="stmt"/>
        <line num="36" count="62" type="stmt"/>
        <line num="37" count="62" type="stmt"/>
      </file>
    </package>
    <package name="src.shared.api.tauri">
      <metrics statements="9" coveredstatements="9" conditionals="0" coveredconditionals="0" methods="0" coveredmethods="0"/>
      <file name="client.ts" path="/workspace/src/shared/api/tauri/client.ts">
        <metrics statements="1" coveredstatements="1" conditionals="0" coveredconditionals="0" methods="0" coveredmethods="0"/>
        <line num="15" count="19" type="stmt"/>
      </file>
      <file name="commands.ts" path="/workspace/src/shared/api/tauri/commands.ts">
        <metrics statements="8" coveredstatements="8" conditionals="0" coveredconditionals="0" methods="0" coveredmethods="0"/>
        <line num="7" count="20" type="stmt"/>
        <line num="17" count="20" type="stmt"/>
        <line num="25" count="20" type="stmt"/>
        <line num="34" count="20" type="stmt"/>
        <line num="41" count="20" type="stmt"/>
        <line num="50" count="20" type="stmt"/>
        <line num="59" count="20" type="stmt"/>
        <line num="71" count="20" type="stmt"/>
      </file>
    </package>
    <package name="src.stores">
      <metrics statements="44" coveredstatements="44" conditionals="34" coveredconditionals="30" methods="14" coveredmethods="14"/>
      <file name="toast.ts" path="/workspace/src/stores/toast.ts">
        <metrics statements="44" coveredstatements="44" conditionals="34" coveredconditionals="30" methods="14" coveredmethods="14"/>
        <line num="37" count="6" type="stmt"/>
        <line num="38" count="6" type="stmt"/>
        <line num="40" count="6" type="stmt"/>
        <line num="51" count="78" type="stmt"/>
        <line num="52" count="47" type="stmt"/>
        <line num="53" count="47" type="cond" truecount="4" falsecount="0"/>
        <line num="55" count="47" type="stmt"/>
        <line num="64" count="47" type="stmt"/>
        <line num="67" count="47" type="cond" truecount="1" falsecount="1"/>
        <line num="68" count="47" type="stmt"/>
        <line num="69" count="3" type="stmt"/>
        <line num="70" count="3" type="stmt"/>
        <line num="72" count="47" type="stmt"/>
        <line num="75" count="47" type="stmt"/>
        <line num="78" count="78" type="stmt"/>
        <line num="80" count="7" type="stmt"/>
        <line num="81" count="7" type="cond" truecount="2" falsecount="0"/>
        <line num="82" count="4" type="stmt"/>
        <line num="83" count="4" type="stmt"/>
        <line num="85" count="7" type="stmt"/>
        <line num="86" count="7" type="cond" truecount="1" falsecount="1"/>
        <line num="87" count="7" type="stmt"/>
        <line num="91" count="78" type="stmt"/>
        <line num="92" count="67" type="stmt"/>
        <line num="95" count="78" type="stmt"/>
        <line num="110" count="18" type="stmt"/>
        <line num="111" count="18" type="stmt"/>
        <line num="124" count="6" type="stmt"/>
        <line num="131" count="4" type="stmt"/>
        <line num="138" count="5" type="cond" truecount="2" falsecount="0"/>
        <line num="139" count="2" type="stmt"/>
        <line num="142" count="3" type="stmt"/>
        <line num="154" count="3" type="cond" truecount="1" falsecount="1"/>
        <line num="161" count="5" type="cond" truecount="2" falsecount="0"/>
        <line num="162" count="2" type="stmt"/>
        <line num="165" count="3" type="stmt"/>
        <line num="177" count="3" type="cond" truecount="1" falsecount="1"/>
        <line num="187" count="5" type="cond" truecount="2" falsecount="0"/>
        <line num="188" count="5" type="stmt"/>
        <line num="189" count="5" type="stmt"/>
        <line num="191" count="5" type="stmt"/>
        <line num="204" count="6" type="stmt"/>
        <line num="213" count="1" type="stmt"/>
        <line num="222" count="1" type="stmt"/>
      </file>
    </package>
    <package name="src.utils">
      <metrics statements="49" coveredstatements="39" conditionals="35" coveredconditionals="27" methods="10" coveredmethods="9"/>
      <file name="contentUtils.ts" path="/workspace/src/utils/contentUtils.ts">
        <metrics statements="7" coveredstatements="7" conditionals="10" coveredconditionals="10" methods="1" coveredmethods="1"/>
        <line num="21" count="27" type="cond" truecount="2" falsecount="0"/>
        <line num="22" count="26" type="stmt"/>
        <line num="23" count="26" type="stmt"/>
        <line num="24" count="26" type="cond" truecount="3" falsecount="0"/>
        <line num="25" count="27" type="cond" truecount="2" falsecount="0"/>
        <line num="26" count="23" type="cond" truecount="2" falsecount="0"/>
        <line num="28" count="2" type="stmt"/>
      </file>
      <file name="errors.ts" path="/workspace/src/utils/errors.ts">
        <metrics statements="19" coveredstatements="18" conditionals="15" coveredconditionals="12" methods="5" coveredmethods="5"/>
        <line num="9" count="7" type="stmt"/>
        <line num="30" count="7" type="stmt"/>
        <line num="120" count="41" type="cond" truecount="2" falsecount="0"/>
        <line num="124" count="41" type="stmt"/>
        <line num="125" count="210" type="stmt"/>
        <line num="126" count="1264" type="cond" truecount="2" falsecount="0"/>
        <line num="127" count="35" type="stmt"/>
        <line num="132" count="6" type="stmt"/>
        <line num="141" count="11" type="stmt"/>
        <line num="150" count="9" type="stmt"/>
        <line num="180" count="3" type="cond" truecount="4" falsecount="0"/>
        <line num="181" count="1" type="stmt"/>
        <line num="183" count="2" type="stmt"/>
        <line num="184" count="2" type="stmt"/>
        <line num="198" count="3" type="cond" truecount="1" falsecount="1"/>
        <line num="199" count="0" type="stmt"/>
        <line num="209" count="3" type="cond" truecount="2" falsecount="0"/>
        <line num="210" count="3" type="stmt"/>
        <line num="212" count="3" type="stmt"/>
      </file>
      <file name="tagColors.ts" path="/workspace/src/utils/tagColors.ts">
        <metrics statements="21" coveredstatements="12" conditionals="10" coveredconditionals="5" methods="4" coveredmethods="3"/>
        <line num="17" count="4" type="stmt"/>
        <line num="34" count="4" type="stmt"/>
        <line num="50" count="4" type="stmt"/>
        <line num="51" count="4" type="stmt"/>
        <line num="57" count="4" type="stmt"/>
        <line num="81" count="43" type="stmt"/>
        <line num="82" count="43" type="cond" truecount="1" falsecount="1"/>
        <line num="83" count="0" type="stmt"/>
        <line num="87" count="43" type="cond" truecount="1" falsecount="1"/>
        <line num="88" count="43" type="stmt"/>
        <line num="92" count="0" type="stmt"/>
        <line num="93" count="0" type="stmt"/>
        <line num="94" count="0" type="stmt"/>
        <line num="95" count="0" type="stmt"/>
        <line num="96" count="0" type="stmt"/>
        <line num="97" count="0" type="stmt"/>
        <line num="99" count="0" type="stmt"/>
        <line num="109" count="43" type="stmt"/>
        <line num="110" count="43" type="cond" truecount="1" falsecount="1"/>
        <line num="120" count="0" type="cond" truecount="0" falsecount="2"/>
        <line num="130" count="107" type="cond" truecount="2" falsecount="0"/>
      </file>
      <file name="tags.ts" path="/workspace/src/utils/tags.ts">
        <metrics statements="2" coveredstatements="2" conditionals="0" coveredconditionals="0" methods="0" coveredmethods="0"/>
        <line num="11" count="4" type="stmt"/>
        <line num="19" count="4" type="stmt"/>
      </file>
    </package>
  </project>
</coverage>
